<?xml version="1.0" encoding="UTF-8"?>
<testng-results skipped="0" failed="0" total="1" passed="1">
  <reporter-output>
  </reporter-output>
  <suite name="Default suite" duration-ms="54746" started-at="2024-04-15T09:50:01Z" finished-at="2024-04-15T09:50:56Z">
    <groups>
      <group name="cucumber">
        <method signature="AbstractTestNGCucumberTests.feature(cucumber.api.testng.CucumberFeatureWrapper)[pri:0, instance:TestNGRunner$TestNGAppRunner@544fe44c]" name="feature" class="cucumber.api.testng.AbstractTestNGCucumberTests"/>
      </group> <!-- cucumber -->
    </groups>
    <test name="Default test" duration-ms="54746" started-at="2024-04-15T09:50:01Z" finished-at="2024-04-15T09:50:56Z">
      <class name="TestNGRunner$TestNGAppRunner">
        <test-method status="PASS" signature="setUpClass()[pri:0, instance:TestNGRunner$TestNGAppRunner@544fe44c]" name="setUpClass" is-config="true" duration-ms="349" started-at="2024-04-15T15:20:02Z" finished-at="2024-04-15T15:20:02Z">
          <reporter-output>
          </reporter-output>
        </test-method> <!-- setUpClass -->
        <test-method status="PASS" signature="feature(cucumber.api.testng.CucumberFeatureWrapper)[pri:0, instance:TestNGRunner$TestNGAppRunner@544fe44c]" name="feature" duration-ms="53716" started-at="2024-04-15T15:20:02Z" description="Runs Cucumber Feature" data-provider="features" finished-at="2024-04-15T15:20:56Z">
          <params>
            <param index="0">
              <value>
                <![CDATA[Ship2myid login screen]]>
              </value>
            </param>
          </params>
          <reporter-output>
          </reporter-output>
        </test-method> <!-- feature -->
        <test-method status="PASS" signature="tearDownClass()[pri:0, instance:TestNGRunner$TestNGAppRunner@544fe44c]" name="tearDownClass" is-config="true" duration-ms="567" started-at="2024-04-15T15:20:56Z" finished-at="2024-04-15T15:20:56Z">
          <reporter-output>
          </reporter-output>
        </test-method> <!-- tearDownClass -->
        <test-method status="PASS" signature="sendMail()[pri:0, instance:TestNGRunner$TestNGAppRunner@544fe44c]" name="sendMail" is-config="true" duration-ms="1" started-at="2024-04-15T15:20:56Z" finished-at="2024-04-15T15:20:56Z">
          <reporter-output>
          </reporter-output>
        </test-method> <!-- sendMail -->
      </class> <!-- TestNGRunner$TestNGAppRunner -->
    </test> <!-- Default test -->
  </suite> <!-- Default suite -->
</testng-results>
